1666532630.216261 client started (32471): version 3.2a, socket /tmp/tmux-1000/default, protocol 8
1666532630.216286 on Linux 5.15.0-52-generic #58-Ubuntu SMP Thu Oct 13 08:03:55 UTC 2022
1666532630.216291 using libevent 2.1.12-stable (poll); ncurses 6.3
1666532630.216307 flags are 0x18010000
1666532630.216311 socket is /tmp/tmux-1000/default
1666532630.216319 trying connect
1666532630.216329 connect failed: No such file or directory
1666532630.216337 lock file is /tmp/tmux-1000/default.lock
1666532630.216355 flock succeeded
1666532630.216358 got lock (6)
1666532630.216362 trying connect
1666532630.216368 connect failed: No such file or directory
1666532630.216536 add peer 0x561d5bcf1590: 7 ((nil))
1666532630.216890 sending message 100 to peer 0x561d5bcf1590 (4 bytes)
1666532630.216896 sending message 111 to peer 0x561d5bcf1590 (8 bytes)
1666532630.216900 sending message 101 to peer 0x561d5bcf1590 (15 bytes)
1666532630.216904 sending message 109 to peer 0x561d5bcf1590 (4 bytes)
1666532630.216907 sending message 102 to peer 0x561d5bcf1590 (11 bytes)
1666532630.216910 sending message 108 to peer 0x561d5bcf1590 (25 bytes)
1666532630.216914 sending message 112 to peer 0x561d5bcf1590 (58 bytes)
1666532630.216918 sending message 112 to peer 0x561d5bcf1590 (5 bytes)
1666532630.216921 sending message 112 to peer 0x561d5bcf1590 (5 bytes)
1666532630.216924 sending message 112 to peer 0x561d5bcf1590 (6 bytes)
1666532630.216928 sending message 112 to peer 0x561d5bcf1590 (6 bytes)
1666532630.216931 sending message 112 to peer 0x561d5bcf1590 (11 bytes)
1666532630.216934 sending message 112 to peer 0x561d5bcf1590 (10 bytes)
1666532630.216937 sending message 112 to peer 0x561d5bcf1590 (13 bytes)
1666532630.216940 sending message 112 to peer 0x561d5bcf1590 (14 bytes)
1666532630.216944 sending message 112 to peer 0x561d5bcf1590 (19 bytes)
1666532630.216947 sending message 112 to peer 0x561d5bcf1590 (11 bytes)
1666532630.216950 sending message 112 to peer 0x561d5bcf1590 (10 bytes)
1666532630.216953 sending message 112 to peer 0x561d5bcf1590 (15 bytes)
1666532630.216955 sending message 112 to peer 0x561d5bcf1590 (21 bytes)
1666532630.216958 sending message 112 to peer 0x561d5bcf1590 (13 bytes)
1666532630.216961 sending message 112 to peer 0x561d5bcf1590 (7 bytes)
1666532630.216965 sending message 112 to peer 0x561d5bcf1590 (13 bytes)
1666532630.216968 sending message 112 to peer 0x561d5bcf1590 (7 bytes)
1666532630.216971 sending message 112 to peer 0x561d5bcf1590 (13 bytes)
1666532630.216974 sending message 112 to peer 0x561d5bcf1590 (9 bytes)
1666532630.216977 sending message 112 to peer 0x561d5bcf1590 (21 bytes)
1666532630.216981 sending message 112 to peer 0x561d5bcf1590 (13 bytes)
1666532630.216984 sending message 112 to peer 0x561d5bcf1590 (9 bytes)
1666532630.216988 sending message 112 to peer 0x561d5bcf1590 (16 bytes)
1666532630.216991 sending message 112 to peer 0x561d5bcf1590 (13 bytes)
1666532630.216994 sending message 112 to peer 0x561d5bcf1590 (9 bytes)
1666532630.216997 sending message 112 to peer 0x561d5bcf1590 (9 bytes)
1666532630.217001 sending message 112 to peer 0x561d5bcf1590 (12 bytes)
1666532630.217004 sending message 112 to peer 0x561d5bcf1590 (8 bytes)
1666532630.217007 sending message 112 to peer 0x561d5bcf1590 (8 bytes)
1666532630.217010 sending message 112 to peer 0x561d5bcf1590 (13 bytes)
1666532630.217013 sending message 112 to peer 0x561d5bcf1590 (7 bytes)
1666532630.217016 sending message 112 to peer 0x561d5bcf1590 (7 bytes)
1666532630.217019 sending message 112 to peer 0x561d5bcf1590 (9 bytes)
1666532630.217022 sending message 112 to peer 0x561d5bcf1590 (9 bytes)
1666532630.217025 sending message 112 to peer 0x561d5bcf1590 (15 bytes)
1666532630.217028 sending message 112 to peer 0x561d5bcf1590 (13 bytes)
1666532630.217031 sending message 112 to peer 0x561d5bcf1590 (12 bytes)
1666532630.217034 sending message 112 to peer 0x561d5bcf1590 (8 bytes)
1666532630.217037 sending message 112 to peer 0x561d5bcf1590 (14 bytes)
1666532630.217040 sending message 112 to peer 0x561d5bcf1590 (11 bytes)
1666532630.217043 sending message 112 to peer 0x561d5bcf1590 (9 bytes)
1666532630.217053 sending message 112 to peer 0x561d5bcf1590 (10 bytes)
1666532630.217057 sending message 112 to peer 0x561d5bcf1590 (10 bytes)
1666532630.217060 sending message 112 to peer 0x561d5bcf1590 (10 bytes)
1666532630.217063 sending message 112 to peer 0x561d5bcf1590 (10 bytes)
1666532630.217067 sending message 112 to peer 0x561d5bcf1590 (11 bytes)
1666532630.217070 sending message 112 to peer 0x561d5bcf1590 (12 bytes)
1666532630.217073 sending message 112 to peer 0x561d5bcf1590 (12 bytes)
1666532630.217076 sending message 112 to peer 0x561d5bcf1590 (12 bytes)
1666532630.217079 sending message 112 to peer 0x561d5bcf1590 (12 bytes)
1666532630.217082 sending message 112 to peer 0x561d5bcf1590 (12 bytes)
1666532630.217086 sending message 112 to peer 0x561d5bcf1590 (11 bytes)
1666532630.217089 sending message 112 to peer 0x561d5bcf1590 (11 bytes)
1666532630.217092 sending message 112 to peer 0x561d5bcf1590 (12 bytes)
1666532630.217095 sending message 112 to peer 0x561d5bcf1590 (12 bytes)
1666532630.217098 sending message 112 to peer 0x561d5bcf1590 (12 bytes)
1666532630.217102 sending message 112 to peer 0x561d5bcf1590 (12 bytes)
1666532630.217105 sending message 112 to peer 0x561d5bcf1590 (12 bytes)
1666532630.217109 sending message 112 to peer 0x561d5bcf1590 (9 bytes)
1666532630.217112 sending message 112 to peer 0x561d5bcf1590 (12 bytes)
1666532630.217115 sending message 112 to peer 0x561d5bcf1590 (13 bytes)
1666532630.217118 sending message 112 to peer 0x561d5bcf1590 (13 bytes)
1666532630.217122 sending message 112 to peer 0x561d5bcf1590 (13 bytes)
1666532630.217125 sending message 112 to peer 0x561d5bcf1590 (13 bytes)
1666532630.217128 sending message 112 to peer 0x561d5bcf1590 (13 bytes)
1666532630.217132 sending message 112 to peer 0x561d5bcf1590 (8 bytes)
1666532630.217135 sending message 112 to peer 0x561d5bcf1590 (11 bytes)
1666532630.217138 sending message 112 to peer 0x561d5bcf1590 (11 bytes)
1666532630.217141 sending message 112 to peer 0x561d5bcf1590 (11 bytes)
1666532630.217144 sending message 112 to peer 0x561d5bcf1590 (12 bytes)
1666532630.217147 sending message 112 to peer 0x561d5bcf1590 (12 bytes)
1666532630.217151 sending message 112 to peer 0x561d5bcf1590 (12 bytes)
1666532630.217154 sending message 112 to peer 0x561d5bcf1590 (12 bytes)
1666532630.217157 sending message 112 to peer 0x561d5bcf1590 (13 bytes)
1666532630.217160 sending message 112 to peer 0x561d5bcf1590 (13 bytes)
1666532630.217164 sending message 112 to peer 0x561d5bcf1590 (13 bytes)
1666532630.217167 sending message 112 to peer 0x561d5bcf1590 (8 bytes)
1666532630.217171 sending message 112 to peer 0x561d5bcf1590 (13 bytes)
1666532630.217174 sending message 112 to peer 0x561d5bcf1590 (13 bytes)
1666532630.217177 sending message 112 to peer 0x561d5bcf1590 (13 bytes)
1666532630.217180 sending message 112 to peer 0x561d5bcf1590 (13 bytes)
1666532630.217184 sending message 112 to peer 0x561d5bcf1590 (13 bytes)
1666532630.217187 sending message 112 to peer 0x561d5bcf1590 (12 bytes)
1666532630.217190 sending message 112 to peer 0x561d5bcf1590 (12 bytes)
1666532630.217193 sending message 112 to peer 0x561d5bcf1590 (12 bytes)
1666532630.217196 sending message 112 to peer 0x561d5bcf1590 (12 bytes)
1666532630.217199 sending message 112 to peer 0x561d5bcf1590 (13 bytes)
1666532630.217202 sending message 112 to peer 0x561d5bcf1590 (8 bytes)
1666532630.217206 sending message 112 to peer 0x561d5bcf1590 (13 bytes)
1666532630.217209 sending message 112 to peer 0x561d5bcf1590 (13 bytes)
1666532630.217212 sending message 112 to peer 0x561d5bcf1590 (13 bytes)
1666532630.217215 sending message 112 to peer 0x561d5bcf1590 (13 bytes)
1666532630.217219 sending message 112 to peer 0x561d5bcf1590 (13 bytes)
1666532630.217222 sending message 112 to peer 0x561d5bcf1590 (13 bytes)
1666532630.217225 sending message 112 to peer 0x561d5bcf1590 (13 bytes)
1666532630.217228 sending message 112 to peer 0x561d5bcf1590 (12 bytes)
1666532630.217231 sending message 112 to peer 0x561d5bcf1590 (12 bytes)
1666532630.217234 sending message 112 to peer 0x561d5bcf1590 (12 bytes)
1666532630.217251 sending message 112 to peer 0x561d5bcf1590 (8 bytes)
1666532630.217254 sending message 112 to peer 0x561d5bcf1590 (12 bytes)
1666532630.217257 sending message 112 to peer 0x561d5bcf1590 (13 bytes)
1666532630.217261 sending message 112 to peer 0x561d5bcf1590 (13 bytes)
1666532630.217264 sending message 112 to peer 0x561d5bcf1590 (13 bytes)
1666532630.217267 sending message 112 to peer 0x561d5bcf1590 (13 bytes)
1666532630.217270 sending message 112 to peer 0x561d5bcf1590 (13 bytes)
1666532630.217274 sending message 112 to peer 0x561d5bcf1590 (13 bytes)
1666532630.217277 sending message 112 to peer 0x561d5bcf1590 (13 bytes)
1666532630.217280 sending message 112 to peer 0x561d5bcf1590 (13 bytes)
1666532630.217283 sending message 112 to peer 0x561d5bcf1590 (12 bytes)
1666532630.217286 sending message 112 to peer 0x561d5bcf1590 (10 bytes)
1666532630.217289 sending message 112 to peer 0x561d5bcf1590 (12 bytes)
1666532630.217293 sending message 112 to peer 0x561d5bcf1590 (12 bytes)
1666532630.217296 sending message 112 to peer 0x561d5bcf1590 (12 bytes)
1666532630.217299 sending message 112 to peer 0x561d5bcf1590 (13 bytes)
1666532630.217303 sending message 112 to peer 0x561d5bcf1590 (13 bytes)
1666532630.217306 sending message 112 to peer 0x561d5bcf1590 (13 bytes)
1666532630.217309 sending message 112 to peer 0x561d5bcf1590 (13 bytes)
1666532630.217312 sending message 112 to peer 0x561d5bcf1590 (13 bytes)
1666532630.217316 sending message 112 to peer 0x561d5bcf1590 (13 bytes)
1666532630.217319 sending message 112 to peer 0x561d5bcf1590 (13 bytes)
1666532630.217322 sending message 112 to peer 0x561d5bcf1590 (10 bytes)
1666532630.217325 sending message 112 to peer 0x561d5bcf1590 (13 bytes)
1666532630.217328 sending message 112 to peer 0x561d5bcf1590 (12 bytes)
1666532630.217332 sending message 112 to peer 0x561d5bcf1590 (12 bytes)
1666532630.217335 sending message 112 to peer 0x561d5bcf1590 (12 bytes)
1666532630.217338 sending message 112 to peer 0x561d5bcf1590 (10 bytes)
1666532630.217341 sending message 112 to peer 0x561d5bcf1590 (10 bytes)
1666532630.217345 sending message 112 to peer 0x561d5bcf1590 (10 bytes)
1666532630.217348 sending message 112 to peer 0x561d5bcf1590 (12 bytes)
1666532630.217351 sending message 112 to peer 0x561d5bcf1590 (13 bytes)
1666532630.217354 sending message 112 to peer 0x561d5bcf1590 (13 bytes)
1666532630.217357 sending message 112 to peer 0x561d5bcf1590 (13 bytes)
1666532630.217360 sending message 112 to peer 0x561d5bcf1590 (13 bytes)
1666532630.217363 sending message 112 to peer 0x561d5bcf1590 (13 bytes)
1666532630.217367 sending message 112 to peer 0x561d5bcf1590 (10 bytes)
1666532630.217370 sending message 112 to peer 0x561d5bcf1590 (11 bytes)
1666532630.217373 sending message 112 to peer 0x561d5bcf1590 (12 bytes)
1666532630.217376 sending message 112 to peer 0x561d5bcf1590 (12 bytes)
1666532630.217379 sending message 112 to peer 0x561d5bcf1590 (12 bytes)
1666532630.217382 sending message 112 to peer 0x561d5bcf1590 (12 bytes)
1666532630.217385 sending message 112 to peer 0x561d5bcf1590 (12 bytes)
1666532630.217388 sending message 112 to peer 0x561d5bcf1590 (11 bytes)
1666532630.217392 sending message 112 to peer 0x561d5bcf1590 (12 bytes)
1666532630.217395 sending message 112 to peer 0x561d5bcf1590 (12 bytes)
1666532630.217398 sending message 112 to peer 0x561d5bcf1590 (13 bytes)
1666532630.217401 sending message 112 to peer 0x561d5bcf1590 (13 bytes)
1666532630.217405 sending message 112 to peer 0x561d5bcf1590 (13 bytes)
1666532630.217408 sending message 112 to peer 0x561d5bcf1590 (13 bytes)
1666532630.217411 sending message 112 to peer 0x561d5bcf1590 (13 bytes)
1666532630.217414 sending message 112 to peer 0x561d5bcf1590 (10 bytes)
1666532630.217418 sending message 112 to peer 0x561d5bcf1590 (9 bytes)
1666532630.217421 sending message 112 to peer 0x561d5bcf1590 (12 bytes)
1666532630.217424 sending message 112 to peer 0x561d5bcf1590 (13 bytes)
1666532630.217427 sending message 112 to peer 0x561d5bcf1590 (13 bytes)
1666532630.217430 sending message 112 to peer 0x561d5bcf1590 (13 bytes)
1666532630.217437 sending message 112 to peer 0x561d5bcf1590 (13 bytes)
1666532630.217440 sending message 112 to peer 0x561d5bcf1590 (13 bytes)
1666532630.217443 sending message 112 to peer 0x561d5bcf1590 (9 bytes)
1666532630.217446 sending message 112 to peer 0x561d5bcf1590 (12 bytes)
1666532630.217464 sending message 112 to peer 0x561d5bcf1590 (13 bytes)
1666532630.217470 sending message 112 to peer 0x561d5bcf1590 (13 bytes)
1666532630.217473 sending message 112 to peer 0x561d5bcf1590 (13 bytes)
1666532630.217477 sending message 112 to peer 0x561d5bcf1590 (13 bytes)
1666532630.217480 sending message 112 to peer 0x561d5bcf1590 (13 bytes)
1666532630.217483 sending message 112 to peer 0x561d5bcf1590 (11 bytes)
1666532630.217486 sending message 112 to peer 0x561d5bcf1590 (12 bytes)
1666532630.217490 sending message 112 to peer 0x561d5bcf1590 (13 bytes)
1666532630.217493 sending message 112 to peer 0x561d5bcf1590 (13 bytes)
1666532630.217496 sending message 112 to peer 0x561d5bcf1590 (13 bytes)
1666532630.217499 sending message 112 to peer 0x561d5bcf1590 (13 bytes)
1666532630.217503 sending message 112 to peer 0x561d5bcf1590 (13 bytes)
1666532630.217506 sending message 112 to peer 0x561d5bcf1590 (11 bytes)
1666532630.217509 sending message 112 to peer 0x561d5bcf1590 (12 bytes)
1666532630.217512 sending message 112 to peer 0x561d5bcf1590 (12 bytes)
1666532630.217516 sending message 112 to peer 0x561d5bcf1590 (12 bytes)
1666532630.217519 sending message 112 to peer 0x561d5bcf1590 (12 bytes)
1666532630.217522 sending message 112 to peer 0x561d5bcf1590 (12 bytes)
1666532630.217526 sending message 112 to peer 0x561d5bcf1590 (21 bytes)
1666532630.217529 sending message 112 to peer 0x561d5bcf1590 (12 bytes)
1666532630.217533 sending message 112 to peer 0x561d5bcf1590 (9 bytes)
1666532630.217536 sending message 112 to peer 0x561d5bcf1590 (6 bytes)
1666532630.217539 sending message 112 to peer 0x561d5bcf1590 (13 bytes)
1666532630.217543 sending message 112 to peer 0x561d5bcf1590 (10 bytes)
1666532630.217546 sending message 112 to peer 0x561d5bcf1590 (24 bytes)
1666532630.217549 sending message 112 to peer 0x561d5bcf1590 (13 bytes)
1666532630.217552 sending message 112 to peer 0x561d5bcf1590 (9 bytes)
1666532630.217556 sending message 112 to peer 0x561d5bcf1590 (70 bytes)
1666532630.217559 sending message 112 to peer 0x561d5bcf1590 (69 bytes)
1666532630.217562 sending message 112 to peer 0x561d5bcf1590 (12 bytes)
1666532630.217566 sending message 112 to peer 0x561d5bcf1590 (10 bytes)
1666532630.217569 sending message 112 to peer 0x561d5bcf1590 (10 bytes)
1666532630.217572 sending message 112 to peer 0x561d5bcf1590 (24 bytes)
1666532630.217575 sending message 112 to peer 0x561d5bcf1590 (13 bytes)
1666532630.217579 sending message 112 to peer 0x561d5bcf1590 (10 bytes)
1666532630.217582 sending message 112 to peer 0x561d5bcf1590 (10 bytes)
1666532630.217585 sending message 112 to peer 0x561d5bcf1590 (10 bytes)
1666532630.217588 sending message 112 to peer 0x561d5bcf1590 (13 bytes)
1666532630.217592 sending message 112 to peer 0x561d5bcf1590 (15 bytes)
1666532630.217595 sending message 112 to peer 0x561d5bcf1590 (5 bytes)
1666532630.217599 sending message 104 to peer 0x561d5bcf1590 (0 bytes)
1666532630.217603 sending message 110 to peer 0x561d5bcf1590 (0 bytes)
1666532630.217607 sending message 107 to peer 0x561d5bcf1590 (4 bytes)
1666532630.217610 sending message 105 to peer 0x561d5bcf1590 (16 bytes)
1666532630.217614 sending message 105 to peer 0x561d5bcf1590 (104 bytes)
1666532630.217617 sending message 105 to peer 0x561d5bcf1590 (19 bytes)
1666532630.217621 sending message 105 to peer 0x561d5bcf1590 (20 bytes)
1666532630.217624 sending message 105 to peer 0x561d5bcf1590 (45 bytes)
1666532630.217627 sending message 105 to peer 0x561d5bcf1590 (33 bytes)
1666532630.217631 sending message 105 to peer 0x561d5bcf1590 (23 bytes)
1666532630.217634 sending message 105 to peer 0x561d5bcf1590 (44 bytes)
1666532630.217637 sending message 105 to peer 0x561d5bcf1590 (32 bytes)
1666532630.217641 sending message 105 to peer 0x561d5bcf1590 (41 bytes)
1666532630.217647 sending message 105 to peer 0x561d5bcf1590 (20 bytes)
1666532630.217650 sending message 105 to peer 0x561d5bcf1590 (23 bytes)
1666532630.217654 sending message 105 to peer 0x561d5bcf1590 (28 bytes)
1666532630.217657 sending message 105 to peer 0x561d5bcf1590 (29 bytes)
1666532630.217661 sending message 105 to peer 0x561d5bcf1590 (27 bytes)
1666532630.217664 sending message 105 to peer 0x561d5bcf1590 (17 bytes)
1666532630.217668 sending message 105 to peer 0x561d5bcf1590 (25 bytes)
1666532630.217671 sending message 105 to peer 0x561d5bcf1590 (22 bytes)
1666532630.217674 sending message 105 to peer 0x561d5bcf1590 (54 bytes)
1666532630.217678 sending message 105 to peer 0x561d5bcf1590 (20 bytes)
1666532630.217681 sending message 105 to peer 0x561d5bcf1590 (18 bytes)
1666532630.217684 sending message 105 to peer 0x561d5bcf1590 (18 bytes)
1666532630.217687 sending message 105 to peer 0x561d5bcf1590 (17 bytes)
1666532630.217691 sending message 105 to peer 0x561d5bcf1590 (1519 bytes)
1666532630.217699 sending message 105 to peer 0x561d5bcf1590 (33 bytes)
1666532630.217702 sending message 105 to peer 0x561d5bcf1590 (17 bytes)
1666532630.217706 sending message 105 to peer 0x561d5bcf1590 (26 bytes)
1666532630.217709 sending message 105 to peer 0x561d5bcf1590 (86 bytes)
1666532630.217713 sending message 105 to peer 0x561d5bcf1590 (23 bytes)
1666532630.217716 sending message 105 to peer 0x561d5bcf1590 (34 bytes)
1666532630.217719 sending message 105 to peer 0x561d5bcf1590 (23 bytes)
1666532630.217723 sending message 105 to peer 0x561d5bcf1590 (20 bytes)
1666532630.217726 sending message 105 to peer 0x561d5bcf1590 (32 bytes)
1666532630.217729 sending message 105 to peer 0x561d5bcf1590 (14 bytes)
1666532630.217732 sending message 105 to peer 0x561d5bcf1590 (30 bytes)
1666532630.217735 sending message 105 to peer 0x561d5bcf1590 (11 bytes)
1666532630.217739 sending message 105 to peer 0x561d5bcf1590 (8 bytes)
1666532630.217742 sending message 105 to peer 0x561d5bcf1590 (18 bytes)
1666532630.217745 sending message 105 to peer 0x561d5bcf1590 (31 bytes)
1666532630.217749 sending message 105 to peer 0x561d5bcf1590 (85 bytes)
1666532630.217752 sending message 105 to peer 0x561d5bcf1590 (114 bytes)
1666532630.217756 sending message 105 to peer 0x561d5bcf1590 (18 bytes)
1666532630.217759 sending message 105 to peer 0x561d5bcf1590 (54 bytes)
1666532630.217762 sending message 105 to peer 0x561d5bcf1590 (22 bytes)
1666532630.217765 sending message 105 to peer 0x561d5bcf1590 (16 bytes)
1666532630.217769 sending message 106 to peer 0x561d5bcf1590 (0 bytes)
1666532630.217781 cmd_pack_argv: argv[0]=new-session
1666532630.217784 cmd_pack_argv: argv[1]=-s
1666532630.217787 cmd_pack_argv: argv[2]=root
1666532630.217790 cmd_pack_argv: argv[3]=-n
1666532630.217793 cmd_pack_argv: argv[4]=bld
1666532630.217795 cmd_pack_argv: argv[5]=-d
1666532630.217798 cmd_pack_argv: argv[6]=-c
1666532630.217801 cmd_pack_argv: argv[7]=/home/egodfrey/.dotFiles
1666532630.217804 cmd_pack_argv: argv[8]=;
1666532630.217806 cmd_pack_argv: argv[9]=split-window
1666532630.217809 cmd_pack_argv: argv[10]=-h
1666532630.217812 cmd_pack_argv: argv[11]=-c
1666532630.217814 cmd_pack_argv: argv[12]=/home/egodfrey/.dotFiles
1666532630.217818 sending message 200 to peer 0x561d5bcf1590 (108 bytes)
1666532630.217822 client loop enter
1666532630.217864 client_signal: Child exited
1666532630.249053 peer 0x561d5bcf1590 message 203
1666532630.249059 client loop exit
